<?xml version="1.0" encoding="UTF-8"?>
<!-- Generated by org.testng.reporters.JUnitXMLReporter -->
<testsuite hostname="DESKTOP-KT2H56T" name=" Firefox Test" tests="3" failures="0" timestamp="4 May 2019 10:54:32 GMT" time="58.401" errors="0">
  <testcase name="ValidTest" time="6.476" classname="scripts.ValidLoginLogoutTest"/>
  <testcase name="Invlaid" time="1.033" classname="scripts.InvalidLoginTest"/>
  <testcase name="Verify" time="2.381" classname="scripts.VerifyTest"/>
</testsuite> <!--  Firefox Test -->
