<?xml version="1.0" encoding="UTF-8"?>
<!-- Generated by org.testng.reporters.JUnitXMLReporter -->
<testsuite hostname="DESKTOP-KT2H56T" name="Test" tests="3" failures="0" timestamp="4 May 2019 09:19:49 GMT" time="28.7" errors="0">
  <testcase name="ValidTest" time="2.228" classname="scripts.ValidLoginLogoutTest"/>
  <testcase name="Invlaid" time="0.801" classname="scripts.InvalidLoginTest"/>
  <testcase name="Verify" time="2.502" classname="scripts.VerifyTest"/>
</testsuite> <!-- Test -->
